[2017-06-03 14:47:01] local.ERROR: PDOException: SQLSTATE[HY000] [1045] Access denied for user 'Zhenghao'@'localhost' (using password: NO) in D:\wampserver\wamp64\www\CMS\vendor\laravel\framework\src\Illuminate\Database\Connectors\Connector.php:47
Stack trace:
#0 D:\wampserver\wamp64\www\CMS\vendor\laravel\framework\src\Illuminate\Database\Connectors\Connector.php(47): PDO->__construct('mysql:host=loca...', 'Zhenghao', '', Array)
#1 D:\wampserver\wamp64\www\CMS\vendor\laravel\framework\src\Illuminate\Database\Connectors\MySqlConnector.php(20): Illuminate\Database\Connectors\Connector->createConnection('mysql:host=loca...', Array, Array)
#2 D:\wampserver\wamp64\www\CMS\vendor\laravel\framework\src\Illuminate\Database\Connectors\ConnectionFactory.php(58): Illuminate\Database\Connectors\MySqlConnector->connect(Array)
#3 D:\wampserver\wamp64\www\CMS\vendor\laravel\framework\src\Illuminate\Database\Connectors\ConnectionFactory.php(47): Illuminate\Database\Connectors\ConnectionFactory->createSingleConnection(Array)
#4 D:\wampserver\wamp64\www\CMS\vendor\laravel\framework\src\Illuminate\Database\DatabaseManager.php(177): Illuminate\Database\Connectors\ConnectionFactory->make(Array, 'mysql')
#5 D:\wampserver\wamp64\www\CMS\vendor\laravel\framework\src\Illuminate\Database\DatabaseManager.php(65): Illuminate\Database\DatabaseManager->makeConnection('mysql')
#6 D:\wampserver\wamp64\www\CMS\vendor\laravel\framework\src\Illuminate\Database\Migrations\DatabaseMigrationRepository.php(167): Illuminate\Database\DatabaseManager->connection('mysql')
#7 D:\wampserver\wamp64\www\CMS\vendor\laravel\framework\src\Illuminate\Database\Migrations\DatabaseMigrationRepository.php(135): Illuminate\Database\Migrations\DatabaseMigrationRepository->getConnection()
#8 D:\wampserver\wamp64\www\CMS\vendor\laravel\framework\src\Illuminate\Database\Migrations\Migrator.php(398): Illuminate\Database\Migrations\DatabaseMigrationRepository->repositoryExists()
#9 D:\wampserver\wamp64\www\CMS\vendor\laravel\framework\src\Illuminate\Database\Console\Migrations\MigrateCommand.php(101): Illuminate\Database\Migrations\Migrator->repositoryExists()
#10 D:\wampserver\wamp64\www\CMS\vendor\laravel\framework\src\Illuminate\Database\Console\Migrations\MigrateCommand.php(54): Illuminate\Database\Console\Migrations\MigrateCommand->prepareDatabase()
#11 [internal function]: Illuminate\Database\Console\Migrations\MigrateCommand->fire()
#12 D:\wampserver\wamp64\www\CMS\vendor\laravel\framework\src\Illuminate\Container\Container.php(526): call_user_func_array(Array, Array)
#13 D:\wampserver\wamp64\www\CMS\vendor\laravel\framework\src\Illuminate\Console\Command.php(115): Illuminate\Container\Container->call(Array)
#14 D:\wampserver\wamp64\www\CMS\vendor\symfony\console\Symfony\Component\Console\Command\Command.php(257): Illuminate\Console\Command->execute(Object(Symfony\Component\Console\Input\ArgvInput), Object(Symfony\Component\Console\Output\ConsoleOutput))
#15 D:\wampserver\wamp64\www\CMS\vendor\laravel\framework\src\Illuminate\Console\Command.php(101): Symfony\Component\Console\Command\Command->run(Object(Symfony\Component\Console\Input\ArgvInput), Object(Symfony\Component\Console\Output\ConsoleOutput))
#16 D:\wampserver\wamp64\www\CMS\vendor\symfony\console\Symfony\Component\Console\Application.php(874): Illuminate\Console\Command->run(Object(Symfony\Component\Console\Input\ArgvInput), Object(Symfony\Component\Console\Output\ConsoleOutput))
#17 D:\wampserver\wamp64\www\CMS\vendor\symfony\console\Symfony\Component\Console\Application.php(195): Symfony\Component\Console\Application->doRunCommand(Object(Illuminate\Database\Console\Migrations\MigrateCommand), Object(Symfony\Component\Console\Input\ArgvInput), Object(Symfony\Component\Console\Output\ConsoleOutput))
#18 D:\wampserver\wamp64\www\CMS\vendor\symfony\console\Symfony\Component\Console\Application.php(126): Symfony\Component\Console\Application->doRun(Object(Symfony\Component\Console\Input\ArgvInput), Object(Symfony\Component\Console\Output\ConsoleOutput))
#19 D:\wampserver\wamp64\www\CMS\vendor\laravel\framework\src\Illuminate\Foundation\Console\Kernel.php(94): Symfony\Component\Console\Application->run(Object(Symfony\Component\Console\Input\ArgvInput), Object(Symfony\Component\Console\Output\ConsoleOutput))
#20 D:\wampserver\wamp64\www\CMS\artisan(35): Illuminate\Foundation\Console\Kernel->handle(Object(Symfony\Component\Console\Input\ArgvInput), Object(Symfony\Component\Console\Output\ConsoleOutput))
#21 {main}  
[2017-06-03 14:47:17] local.ERROR: PDOException: SQLSTATE[HY000] [1045] Access denied for user 'Zhenghao'@'localhost' (using password: NO) in D:\wampserver\wamp64\www\CMS\vendor\laravel\framework\src\Illuminate\Database\Connectors\Connector.php:47
Stack trace:
#0 D:\wampserver\wamp64\www\CMS\vendor\laravel\framework\src\Illuminate\Database\Connectors\Connector.php(47): PDO->__construct('mysql:host=loca...', 'Zhenghao', '', Array)
#1 D:\wampserver\wamp64\www\CMS\vendor\laravel\framework\src\Illuminate\Database\Connectors\MySqlConnector.php(20): Illuminate\Database\Connectors\Connector->createConnection('mysql:host=loca...', Array, Array)
#2 D:\wampserver\wamp64\www\CMS\vendor\laravel\framework\src\Illuminate\Database\Connectors\ConnectionFactory.php(58): Illuminate\Database\Connectors\MySqlConnector->connect(Array)
#3 D:\wampserver\wamp64\www\CMS\vendor\laravel\framework\src\Illuminate\Database\Connectors\ConnectionFactory.php(47): Illuminate\Database\Connectors\ConnectionFactory->createSingleConnection(Array)
#4 D:\wampserver\wamp64\www\CMS\vendor\laravel\framework\src\Illuminate\Database\DatabaseManager.php(177): Illuminate\Database\Connectors\ConnectionFactory->make(Array, 'mysql')
#5 D:\wampserver\wamp64\www\CMS\vendor\laravel\framework\src\Illuminate\Database\DatabaseManager.php(65): Illuminate\Database\DatabaseManager->makeConnection('mysql')
#6 D:\wampserver\wamp64\www\CMS\vendor\laravel\framework\src\Illuminate\Database\DatabaseManager.php(304): Illuminate\Database\DatabaseManager->connection()
#7 D:\wampserver\wamp64\www\CMS\vendor\laravel\framework\src\Illuminate\Support\Facades\Facade.php(210): Illuminate\Database\DatabaseManager->__call('table', Array)
#8 D:\wampserver\wamp64\www\CMS\database\seeds\UserTableSeeder.php(16): Illuminate\Support\Facades\Facade::__callStatic('table', Array)
#9 D:\wampserver\wamp64\www\CMS\vendor\laravel\framework\src\Illuminate\Database\Seeder.php(40): UserTableSeeder->run()
#10 D:\wampserver\wamp64\www\CMS\database\seeds\DatabaseSeeder.php(16): Illuminate\Database\Seeder->call('UserTableSeeder')
#11 D:\wampserver\wamp64\www\CMS\vendor\laravel\framework\src\Illuminate\Database\Console\SeedCommand.php(57): DatabaseSeeder->run()
#12 [internal function]: Illuminate\Database\Console\SeedCommand->fire()
#13 D:\wampserver\wamp64\www\CMS\vendor\laravel\framework\src\Illuminate\Container\Container.php(526): call_user_func_array(Array, Array)
#14 D:\wampserver\wamp64\www\CMS\vendor\laravel\framework\src\Illuminate\Console\Command.php(115): Illuminate\Container\Container->call(Array)
#15 D:\wampserver\wamp64\www\CMS\vendor\symfony\console\Symfony\Component\Console\Command\Command.php(257): Illuminate\Console\Command->execute(Object(Symfony\Component\Console\Input\ArgvInput), Object(Symfony\Component\Console\Output\ConsoleOutput))
#16 D:\wampserver\wamp64\www\CMS\vendor\laravel\framework\src\Illuminate\Console\Command.php(101): Symfony\Component\Console\Command\Command->run(Object(Symfony\Component\Console\Input\ArgvInput), Object(Symfony\Component\Console\Output\ConsoleOutput))
#17 D:\wampserver\wamp64\www\CMS\vendor\symfony\console\Symfony\Component\Console\Application.php(874): Illuminate\Console\Command->run(Object(Symfony\Component\Console\Input\ArgvInput), Object(Symfony\Component\Console\Output\ConsoleOutput))
#18 D:\wampserver\wamp64\www\CMS\vendor\symfony\console\Symfony\Component\Console\Application.php(195): Symfony\Component\Console\Application->doRunCommand(Object(Illuminate\Database\Console\SeedCommand), Object(Symfony\Component\Console\Input\ArgvInput), Object(Symfony\Component\Console\Output\ConsoleOutput))
#19 D:\wampserver\wamp64\www\CMS\vendor\symfony\console\Symfony\Component\Console\Application.php(126): Symfony\Component\Console\Application->doRun(Object(Symfony\Component\Console\Input\ArgvInput), Object(Symfony\Component\Console\Output\ConsoleOutput))
#20 D:\wampserver\wamp64\www\CMS\vendor\laravel\framework\src\Illuminate\Foundation\Console\Kernel.php(94): Symfony\Component\Console\Application->run(Object(Symfony\Component\Console\Input\ArgvInput), Object(Symfony\Component\Console\Output\ConsoleOutput))
#21 D:\wampserver\wamp64\www\CMS\artisan(35): Illuminate\Foundation\Console\Kernel->handle(Object(Symfony\Component\Console\Input\ArgvInput), Object(Symfony\Component\Console\Output\ConsoleOutput))
#22 {main}  
[2017-06-03 14:47:44] local.ERROR: PDOException: SQLSTATE[HY000] [1045] Access denied for user 'Zhenghao'@'localhost' (using password: NO) in D:\wampserver\wamp64\www\CMS\vendor\laravel\framework\src\Illuminate\Database\Connectors\Connector.php:47
Stack trace:
#0 D:\wampserver\wamp64\www\CMS\vendor\laravel\framework\src\Illuminate\Database\Connectors\Connector.php(47): PDO->__construct('mysql:host=loca...', 'Zhenghao', '', Array)
#1 D:\wampserver\wamp64\www\CMS\vendor\laravel\framework\src\Illuminate\Database\Connectors\MySqlConnector.php(20): Illuminate\Database\Connectors\Connector->createConnection('mysql:host=loca...', Array, Array)
#2 D:\wampserver\wamp64\www\CMS\vendor\laravel\framework\src\Illuminate\Database\Connectors\ConnectionFactory.php(58): Illuminate\Database\Connectors\MySqlConnector->connect(Array)
#3 D:\wampserver\wamp64\www\CMS\vendor\laravel\framework\src\Illuminate\Database\Connectors\ConnectionFactory.php(47): Illuminate\Database\Connectors\ConnectionFactory->createSingleConnection(Array)
#4 D:\wampserver\wamp64\www\CMS\vendor\laravel\framework\src\Illuminate\Database\DatabaseManager.php(177): Illuminate\Database\Connectors\ConnectionFactory->make(Array, 'mysql')
#5 D:\wampserver\wamp64\www\CMS\vendor\laravel\framework\src\Illuminate\Database\DatabaseManager.php(65): Illuminate\Database\DatabaseManager->makeConnection('mysql')
#6 D:\wampserver\wamp64\www\CMS\vendor\laravel\framework\src\Illuminate\Database\Migrations\DatabaseMigrationRepository.php(167): Illuminate\Database\DatabaseManager->connection('mysql')
#7 D:\wampserver\wamp64\www\CMS\vendor\laravel\framework\src\Illuminate\Database\Migrations\DatabaseMigrationRepository.php(135): Illuminate\Database\Migrations\DatabaseMigrationRepository->getConnection()
#8 D:\wampserver\wamp64\www\CMS\vendor\laravel\framework\src\Illuminate\Database\Migrations\Migrator.php(398): Illuminate\Database\Migrations\DatabaseMigrationRepository->repositoryExists()
#9 D:\wampserver\wamp64\www\CMS\vendor\laravel\framework\src\Illuminate\Database\Console\Migrations\MigrateCommand.php(101): Illuminate\Database\Migrations\Migrator->repositoryExists()
#10 D:\wampserver\wamp64\www\CMS\vendor\laravel\framework\src\Illuminate\Database\Console\Migrations\MigrateCommand.php(54): Illuminate\Database\Console\Migrations\MigrateCommand->prepareDatabase()
#11 [internal function]: Illuminate\Database\Console\Migrations\MigrateCommand->fire()
#12 D:\wampserver\wamp64\www\CMS\vendor\laravel\framework\src\Illuminate\Container\Container.php(526): call_user_func_array(Array, Array)
#13 D:\wampserver\wamp64\www\CMS\vendor\laravel\framework\src\Illuminate\Console\Command.php(115): Illuminate\Container\Container->call(Array)
#14 D:\wampserver\wamp64\www\CMS\vendor\symfony\console\Symfony\Component\Console\Command\Command.php(257): Illuminate\Console\Command->execute(Object(Symfony\Component\Console\Input\ArgvInput), Object(Symfony\Component\Console\Output\ConsoleOutput))
#15 D:\wampserver\wamp64\www\CMS\vendor\laravel\framework\src\Illuminate\Console\Command.php(101): Symfony\Component\Console\Command\Command->run(Object(Symfony\Component\Console\Input\ArgvInput), Object(Symfony\Component\Console\Output\ConsoleOutput))
#16 D:\wampserver\wamp64\www\CMS\vendor\symfony\console\Symfony\Component\Console\Application.php(874): Illuminate\Console\Command->run(Object(Symfony\Component\Console\Input\ArgvInput), Object(Symfony\Component\Console\Output\ConsoleOutput))
#17 D:\wampserver\wamp64\www\CMS\vendor\symfony\console\Symfony\Component\Console\Application.php(195): Symfony\Component\Console\Application->doRunCommand(Object(Illuminate\Database\Console\Migrations\MigrateCommand), Object(Symfony\Component\Console\Input\ArgvInput), Object(Symfony\Component\Console\Output\ConsoleOutput))
#18 D:\wampserver\wamp64\www\CMS\vendor\symfony\console\Symfony\Component\Console\Application.php(126): Symfony\Component\Console\Application->doRun(Object(Symfony\Component\Console\Input\ArgvInput), Object(Symfony\Component\Console\Output\ConsoleOutput))
#19 D:\wampserver\wamp64\www\CMS\vendor\laravel\framework\src\Illuminate\Foundation\Console\Kernel.php(94): Symfony\Component\Console\Application->run(Object(Symfony\Component\Console\Input\ArgvInput), Object(Symfony\Component\Console\Output\ConsoleOutput))
#20 D:\wampserver\wamp64\www\CMS\artisan(35): Illuminate\Foundation\Console\Kernel->handle(Object(Symfony\Component\Console\Input\ArgvInput), Object(Symfony\Component\Console\Output\ConsoleOutput))
#21 {main}  
[2017-06-03 14:47:52] local.ERROR: PDOException: SQLSTATE[HY000] [1045] Access denied for user 'Zhenghao'@'localhost' (using password: NO) in D:\wampserver\wamp64\www\CMS\vendor\laravel\framework\src\Illuminate\Database\Connectors\Connector.php:47
Stack trace:
#0 D:\wampserver\wamp64\www\CMS\vendor\laravel\framework\src\Illuminate\Database\Connectors\Connector.php(47): PDO->__construct('mysql:host=loca...', 'Zhenghao', '', Array)
#1 D:\wampserver\wamp64\www\CMS\vendor\laravel\framework\src\Illuminate\Database\Connectors\MySqlConnector.php(20): Illuminate\Database\Connectors\Connector->createConnection('mysql:host=loca...', Array, Array)
#2 D:\wampserver\wamp64\www\CMS\vendor\laravel\framework\src\Illuminate\Database\Connectors\ConnectionFactory.php(58): Illuminate\Database\Connectors\MySqlConnector->connect(Array)
#3 D:\wampserver\wamp64\www\CMS\vendor\laravel\framework\src\Illuminate\Database\Connectors\ConnectionFactory.php(47): Illuminate\Database\Connectors\ConnectionFactory->createSingleConnection(Array)
#4 D:\wampserver\wamp64\www\CMS\vendor\laravel\framework\src\Illuminate\Database\DatabaseManager.php(177): Illuminate\Database\Connectors\ConnectionFactory->make(Array, 'mysql')
#5 D:\wampserver\wamp64\www\CMS\vendor\laravel\framework\src\Illuminate\Database\DatabaseManager.php(65): Illuminate\Database\DatabaseManager->makeConnection('mysql')
#6 D:\wampserver\wamp64\www\CMS\vendor\laravel\framework\src\Illuminate\Database\DatabaseManager.php(304): Illuminate\Database\DatabaseManager->connection()
#7 D:\wampserver\wamp64\www\CMS\vendor\laravel\framework\src\Illuminate\Support\Facades\Facade.php(210): Illuminate\Database\DatabaseManager->__call('table', Array)
#8 D:\wampserver\wamp64\www\CMS\database\seeds\UserTableSeeder.php(16): Illuminate\Support\Facades\Facade::__callStatic('table', Array)
#9 D:\wampserver\wamp64\www\CMS\vendor\laravel\framework\src\Illuminate\Database\Seeder.php(40): UserTableSeeder->run()
#10 D:\wampserver\wamp64\www\CMS\database\seeds\DatabaseSeeder.php(16): Illuminate\Database\Seeder->call('UserTableSeeder')
#11 D:\wampserver\wamp64\www\CMS\vendor\laravel\framework\src\Illuminate\Database\Console\SeedCommand.php(57): DatabaseSeeder->run()
#12 [internal function]: Illuminate\Database\Console\SeedCommand->fire()
#13 D:\wampserver\wamp64\www\CMS\vendor\laravel\framework\src\Illuminate\Container\Container.php(526): call_user_func_array(Array, Array)
#14 D:\wampserver\wamp64\www\CMS\vendor\laravel\framework\src\Illuminate\Console\Command.php(115): Illuminate\Container\Container->call(Array)
#15 D:\wampserver\wamp64\www\CMS\vendor\symfony\console\Symfony\Component\Console\Command\Command.php(257): Illuminate\Console\Command->execute(Object(Symfony\Component\Console\Input\ArgvInput), Object(Symfony\Component\Console\Output\ConsoleOutput))
#16 D:\wampserver\wamp64\www\CMS\vendor\laravel\framework\src\Illuminate\Console\Command.php(101): Symfony\Component\Console\Command\Command->run(Object(Symfony\Component\Console\Input\ArgvInput), Object(Symfony\Component\Console\Output\ConsoleOutput))
#17 D:\wampserver\wamp64\www\CMS\vendor\symfony\console\Symfony\Component\Console\Application.php(874): Illuminate\Console\Command->run(Object(Symfony\Component\Console\Input\ArgvInput), Object(Symfony\Component\Console\Output\ConsoleOutput))
#18 D:\wampserver\wamp64\www\CMS\vendor\symfony\console\Symfony\Component\Console\Application.php(195): Symfony\Component\Console\Application->doRunCommand(Object(Illuminate\Database\Console\SeedCommand), Object(Symfony\Component\Console\Input\ArgvInput), Object(Symfony\Component\Console\Output\ConsoleOutput))
#19 D:\wampserver\wamp64\www\CMS\vendor\symfony\console\Symfony\Component\Console\Application.php(126): Symfony\Component\Console\Application->doRun(Object(Symfony\Component\Console\Input\ArgvInput), Object(Symfony\Component\Console\Output\ConsoleOutput))
#20 D:\wampserver\wamp64\www\CMS\vendor\laravel\framework\src\Illuminate\Foundation\Console\Kernel.php(94): Symfony\Component\Console\Application->run(Object(Symfony\Component\Console\Input\ArgvInput), Object(Symfony\Component\Console\Output\ConsoleOutput))
#21 D:\wampserver\wamp64\www\CMS\artisan(35): Illuminate\Foundation\Console\Kernel->handle(Object(Symfony\Component\Console\Input\ArgvInput), Object(Symfony\Component\Console\Output\ConsoleOutput))
#22 {main}  
[2017-06-03 14:48:03] local.ERROR: InvalidArgumentException: Command "server" is not defined.

Did you mean this?
    serve in D:\wampserver\wamp64\www\CMS\vendor\symfony\console\Symfony\Component\Console\Application.php:549
Stack trace:
#0 D:\wampserver\wamp64\www\CMS\vendor\symfony\console\Symfony\Component\Console\Application.php(192): Symfony\Component\Console\Application->find('server')
#1 D:\wampserver\wamp64\www\CMS\vendor\symfony\console\Symfony\Component\Console\Application.php(126): Symfony\Component\Console\Application->doRun(Object(Symfony\Component\Console\Input\ArgvInput), Object(Symfony\Component\Console\Output\ConsoleOutput))
#2 D:\wampserver\wamp64\www\CMS\vendor\laravel\framework\src\Illuminate\Foundation\Console\Kernel.php(94): Symfony\Component\Console\Application->run(Object(Symfony\Component\Console\Input\ArgvInput), Object(Symfony\Component\Console\Output\ConsoleOutput))
#3 D:\wampserver\wamp64\www\CMS\artisan(35): Illuminate\Foundation\Console\Kernel->handle(Object(Symfony\Component\Console\Input\ArgvInput), Object(Symfony\Component\Console\Output\ConsoleOutput))
#4 {main}  
